<?xml version="1.0" encoding="UTF-8"?>
<!-- Generated by org.testng.reporters.JUnitXMLReporter -->
<testsuite ignored="0" hostname="DESKTOP-H52ER5F" failures="0" tests="3" name="Test" time="0.089" errors="0" timestamp="2021-11-25T13:14:08 IST">
  <testcase classname="apitest.demo_testng" name="testCase1" time="0.013"/>
  <testcase classname="apitest.demo_testng" name="testCase2" time="0.002"/>
  <testcase classname="apitest.demo_testng2" name="testCase3" time="0.001"/>
</testsuite> <!-- Test -->
