<?xml version="1.0" encoding="UTF-8"?>
<!-- Generated by org.testng.reporters.JUnitXMLReporter -->
<testsuite hostname="DESKTOP-H52ER5F" ignored="1" name="Default test" tests="9" failures="0" timestamp="2021-12-01T12:03:53 IST" time="14.899" errors="0">
  <testcase name="testCase1" time="0.006" classname="apitest.demo_testng"/>
  <testcase name="testCase2" time="0.001" classname="apitest.demo_testng"/>
  <testcase name="login" time="7.14" classname="apitest.Ecommerce"/>
  <testcase name="get" time="3.266" classname="apitest.Ecommerce"/>
  <testcase name="delete" time="1.874" classname="apitest.Ecommerce"/>
  <testcase name="testCase3" time="0.002" classname="apitest.demo_testng2"/>
  <testcase name="createBoard" time="0.937" classname="apitest.Demo_java"/>
  <testcase name="getBoard" time="0.721" classname="apitest.Demo_java"/>
  <testcase name="deleteBoard" time="0.906" classname="apitest.Demo_java"/>
  <testcase name="sign_up" time="0.0" classname="apitest.Ecommerce">
    <ignored/>
  </testcase> <!-- sign_up -->
</testsuite> <!-- Default test -->
